  StaffManage.cpp
D:\Code\VS2022\PractiseForC++_6\PractiseForC++_6\StaffManage.cpp(225,31): warning C4267: “初始化”: 从“size_t”转换到“int”，可能丢失数据
D:\Code\VS2022\PractiseForC++_6\PractiseForC++_6\StaffManage.cpp(226,32): warning C4267: “初始化”: 从“size_t”转换到“int”，可能丢失数据
D:\Code\VS2022\PractiseForC++_6\PractiseForC++_6\StaffManage.cpp(260,31): warning C4267: “初始化”: 从“size_t”转换到“int”，可能丢失数据
D:\Code\VS2022\PractiseForC++_6\PractiseForC++_6\StaffManage.cpp(261,32): warning C4267: “初始化”: 从“size_t”转换到“int”，可能丢失数据
D:\Code\VS2022\PractiseForC++_6\PractiseForC++_6\StaffManage.cpp(294,31): warning C4267: “初始化”: 从“size_t”转换到“int”，可能丢失数据
D:\Code\VS2022\PractiseForC++_6\PractiseForC++_6\StaffManage.cpp(295,32): warning C4267: “初始化”: 从“size_t”转换到“int”，可能丢失数据
D:\Code\VS2022\PractiseForC++_6\PractiseForC++_6\StaffManage.cpp(360,31): warning C4267: “初始化”: 从“size_t”转换到“int”，可能丢失数据
D:\Code\VS2022\PractiseForC++_6\PractiseForC++_6\StaffManage.cpp(361,32): warning C4267: “初始化”: 从“size_t”转换到“int”，可能丢失数据
D:\Code\VS2022\PractiseForC++_6\PractiseForC++_6\StaffManage.cpp(394,31): warning C4267: “初始化”: 从“size_t”转换到“int”，可能丢失数据
D:\Code\VS2022\PractiseForC++_6\PractiseForC++_6\StaffManage.cpp(395,32): warning C4267: “初始化”: 从“size_t”转换到“int”，可能丢失数据
D:\Code\VS2022\PractiseForC++_6\PractiseForC++_6\StaffManage.cpp(427,31): warning C4267: “初始化”: 从“size_t”转换到“int”，可能丢失数据
D:\Code\VS2022\PractiseForC++_6\PractiseForC++_6\StaffManage.cpp(428,32): warning C4267: “初始化”: 从“size_t”转换到“int”，可能丢失数据
D:\Code\VS2022\PractiseForC++_6\PractiseForC++_6\StaffManage.cpp(463,27): warning C4267: “初始化”: 从“size_t”转换到“int”，可能丢失数据
D:\Code\VS2022\PractiseForC++_6\PractiseForC++_6\StaffManage.cpp(464,28): warning C4267: “初始化”: 从“size_t”转换到“int”，可能丢失数据
D:\Code\VS2022\PractiseForC++_6\PractiseForC++_6\StaffManage.cpp(484,27): warning C4267: “初始化”: 从“size_t”转换到“int”，可能丢失数据
D:\Code\VS2022\PractiseForC++_6\PractiseForC++_6\StaffManage.cpp(485,28): warning C4267: “初始化”: 从“size_t”转换到“int”，可能丢失数据
D:\Code\VS2022\PractiseForC++_6\PractiseForC++_6\StaffManage.cpp(505,27): warning C4267: “初始化”: 从“size_t”转换到“int”，可能丢失数据
D:\Code\VS2022\PractiseForC++_6\PractiseForC++_6\StaffManage.cpp(506,28): warning C4267: “初始化”: 从“size_t”转换到“int”，可能丢失数据
D:\Code\VS2022\PractiseForC++_6\PractiseForC++_6\StaffManage.cpp(543,31): warning C4267: “初始化”: 从“size_t”转换到“int”，可能丢失数据
D:\Code\VS2022\PractiseForC++_6\PractiseForC++_6\StaffManage.cpp(544,32): warning C4267: “初始化”: 从“size_t”转换到“int”，可能丢失数据
D:\Code\VS2022\PractiseForC++_6\PractiseForC++_6\StaffManage.cpp(558,32): warning C4267: “初始化”: 从“size_t”转换到“int”，可能丢失数据
D:\Code\VS2022\PractiseForC++_6\PractiseForC++_6\StaffManage.cpp(559,33): warning C4267: “初始化”: 从“size_t”转换到“int”，可能丢失数据
D:\Code\VS2022\PractiseForC++_6\PractiseForC++_6\StaffManage.cpp(590,31): warning C4267: “初始化”: 从“size_t”转换到“int”，可能丢失数据
D:\Code\VS2022\PractiseForC++_6\PractiseForC++_6\StaffManage.cpp(591,32): warning C4267: “初始化”: 从“size_t”转换到“int”，可能丢失数据
D:\Code\VS2022\PractiseForC++_6\PractiseForC++_6\StaffManage.cpp(605,32): warning C4267: “初始化”: 从“size_t”转换到“int”，可能丢失数据
D:\Code\VS2022\PractiseForC++_6\PractiseForC++_6\StaffManage.cpp(606,33): warning C4267: “初始化”: 从“size_t”转换到“int”，可能丢失数据
D:\Code\VS2022\PractiseForC++_6\PractiseForC++_6\StaffManage.cpp(637,31): warning C4267: “初始化”: 从“size_t”转换到“int”，可能丢失数据
D:\Code\VS2022\PractiseForC++_6\PractiseForC++_6\StaffManage.cpp(638,32): warning C4267: “初始化”: 从“size_t”转换到“int”，可能丢失数据
D:\Code\VS2022\PractiseForC++_6\PractiseForC++_6\StaffManage.cpp(652,32): warning C4267: “初始化”: 从“size_t”转换到“int”，可能丢失数据
D:\Code\VS2022\PractiseForC++_6\PractiseForC++_6\StaffManage.cpp(653,33): warning C4267: “初始化”: 从“size_t”转换到“int”，可能丢失数据
  main.cpp
  正在生成代码...
  PractiseForC++_6.vcxproj -> D:\Code\VS2022\PractiseForC++_6\x64\Debug\PractiseForC++_6.exe
